1674048795.288406 client started (2212): version 3.2, socket /tmp/tmux-1065206/default, protocol 8
1674048795.288851 on CYGWIN_NT-10.0-19045 3.4.3-1.x86_64 2022-12-16 12:38 UTC
1674048795.288890 using libevent 2.0.22-stable (poll); ncurses 6.1
1674048795.288936 flags are 0x18010000
1674048795.288962 socket is /tmp/tmux-1065206/default
1674048795.289064 trying connect
1674048795.293313 add peer 0xa00026f80: 6 (0x0)
1674048795.297253 sending message 100 to peer 0xa00026f80 (4 bytes)
1674048795.297326 sending message 111 to peer 0xa00026f80 (8 bytes)
1674048795.297354 sending message 101 to peer 0xa00026f80 (6 bytes)
1674048795.297505 sending message 109 to peer 0xa00026f80 (4 bytes)
1674048795.297525 sending message 102 to peer 0xa00026f80 (10 bytes)
1674048795.297538 sending message 108 to peer 0xa00026f80 (40 bytes)
1674048795.297550 sending message 112 to peer 0xa00026f80 (58 bytes)
1674048795.297563 sending message 112 to peer 0xa00026f80 (5 bytes)
1674048795.297574 sending message 112 to peer 0xa00026f80 (5 bytes)
1674048795.297586 sending message 112 to peer 0xa00026f80 (6 bytes)
1674048795.297598 sending message 112 to peer 0xa00026f80 (6 bytes)
1674048795.297609 sending message 112 to peer 0xa00026f80 (11 bytes)
1674048795.297621 sending message 112 to peer 0xa00026f80 (10 bytes)
1674048795.297633 sending message 112 to peer 0xa00026f80 (13 bytes)
1674048795.297644 sending message 112 to peer 0xa00026f80 (14 bytes)
1674048795.297656 sending message 112 to peer 0xa00026f80 (19 bytes)
1674048795.297667 sending message 112 to peer 0xa00026f80 (9 bytes)
1674048795.297679 sending message 112 to peer 0xa00026f80 (10 bytes)
1674048795.297691 sending message 112 to peer 0xa00026f80 (15 bytes)
1674048795.297702 sending message 112 to peer 0xa00026f80 (21 bytes)
1674048795.297714 sending message 112 to peer 0xa00026f80 (13 bytes)
1674048795.297725 sending message 112 to peer 0xa00026f80 (7 bytes)
1674048795.297737 sending message 112 to peer 0xa00026f80 (13 bytes)
1674048795.297748 sending message 112 to peer 0xa00026f80 (7 bytes)
1674048795.297760 sending message 112 to peer 0xa00026f80 (13 bytes)
1674048795.297771 sending message 112 to peer 0xa00026f80 (9 bytes)
1674048795.297783 sending message 112 to peer 0xa00026f80 (21 bytes)
1674048795.297795 sending message 112 to peer 0xa00026f80 (13 bytes)
1674048795.297806 sending message 112 to peer 0xa00026f80 (9 bytes)
1674048795.297818 sending message 112 to peer 0xa00026f80 (16 bytes)
1674048795.297829 sending message 112 to peer 0xa00026f80 (13 bytes)
1674048795.297841 sending message 112 to peer 0xa00026f80 (9 bytes)
1674048795.297853 sending message 112 to peer 0xa00026f80 (9 bytes)
1674048795.297864 sending message 112 to peer 0xa00026f80 (12 bytes)
1674048795.297875 sending message 112 to peer 0xa00026f80 (8 bytes)
1674048795.297887 sending message 112 to peer 0xa00026f80 (8 bytes)
1674048795.297899 sending message 112 to peer 0xa00026f80 (13 bytes)
1674048795.297910 sending message 112 to peer 0xa00026f80 (7 bytes)
1674048795.297922 sending message 112 to peer 0xa00026f80 (7 bytes)
1674048795.297933 sending message 112 to peer 0xa00026f80 (9 bytes)
1674048795.297945 sending message 112 to peer 0xa00026f80 (10 bytes)
1674048795.297956 sending message 112 to peer 0xa00026f80 (9 bytes)
1674048795.297967 sending message 112 to peer 0xa00026f80 (15 bytes)
1674048795.297979 sending message 112 to peer 0xa00026f80 (13 bytes)
1674048795.297990 sending message 112 to peer 0xa00026f80 (12 bytes)
1674048795.298002 sending message 112 to peer 0xa00026f80 (8 bytes)
1674048795.298013 sending message 112 to peer 0xa00026f80 (14 bytes)
1674048795.298025 sending message 112 to peer 0xa00026f80 (11 bytes)
1674048795.298036 sending message 112 to peer 0xa00026f80 (9 bytes)
1674048795.298048 sending message 112 to peer 0xa00026f80 (10 bytes)
1674048795.298059 sending message 112 to peer 0xa00026f80 (10 bytes)
1674048795.298071 sending message 112 to peer 0xa00026f80 (10 bytes)
1674048795.298082 sending message 112 to peer 0xa00026f80 (10 bytes)
1674048795.298093 sending message 112 to peer 0xa00026f80 (11 bytes)
1674048795.298132 sending message 112 to peer 0xa00026f80 (12 bytes)
1674048795.298148 sending message 112 to peer 0xa00026f80 (12 bytes)
1674048795.298160 sending message 112 to peer 0xa00026f80 (12 bytes)
1674048795.298171 sending message 112 to peer 0xa00026f80 (12 bytes)
1674048795.298183 sending message 112 to peer 0xa00026f80 (12 bytes)
1674048795.298194 sending message 112 to peer 0xa00026f80 (11 bytes)
1674048795.298206 sending message 112 to peer 0xa00026f80 (11 bytes)
1674048795.298217 sending message 112 to peer 0xa00026f80 (12 bytes)
1674048795.298229 sending message 112 to peer 0xa00026f80 (12 bytes)
1674048795.298240 sending message 112 to peer 0xa00026f80 (12 bytes)
1674048795.298251 sending message 112 to peer 0xa00026f80 (12 bytes)
1674048795.298263 sending message 112 to peer 0xa00026f80 (12 bytes)
1674048795.298274 sending message 112 to peer 0xa00026f80 (9 bytes)
1674048795.298286 sending message 112 to peer 0xa00026f80 (12 bytes)
1674048795.298297 sending message 112 to peer 0xa00026f80 (13 bytes)
1674048795.298308 sending message 112 to peer 0xa00026f80 (13 bytes)
1674048795.298320 sending message 112 to peer 0xa00026f80 (13 bytes)
1674048795.298331 sending message 112 to peer 0xa00026f80 (13 bytes)
1674048795.298343 sending message 112 to peer 0xa00026f80 (13 bytes)
1674048795.298354 sending message 112 to peer 0xa00026f80 (8 bytes)
1674048795.298366 sending message 112 to peer 0xa00026f80 (11 bytes)
1674048795.298377 sending message 112 to peer 0xa00026f80 (11 bytes)
1674048795.298388 sending message 112 to peer 0xa00026f80 (11 bytes)
1674048795.298399 sending message 112 to peer 0xa00026f80 (12 bytes)
1674048795.298411 sending message 112 to peer 0xa00026f80 (12 bytes)
1674048795.298423 sending message 112 to peer 0xa00026f80 (12 bytes)
1674048795.298434 sending message 112 to peer 0xa00026f80 (12 bytes)
1674048795.298445 sending message 112 to peer 0xa00026f80 (13 bytes)
1674048795.298457 sending message 112 to peer 0xa00026f80 (13 bytes)
1674048795.298468 sending message 112 to peer 0xa00026f80 (13 bytes)
1674048795.298480 sending message 112 to peer 0xa00026f80 (8 bytes)
1674048795.298491 sending message 112 to peer 0xa00026f80 (13 bytes)
1674048795.298503 sending message 112 to peer 0xa00026f80 (13 bytes)
1674048795.298514 sending message 112 to peer 0xa00026f80 (13 bytes)
1674048795.298525 sending message 112 to peer 0xa00026f80 (13 bytes)
1674048795.298537 sending message 112 to peer 0xa00026f80 (13 bytes)
1674048795.298548 sending message 112 to peer 0xa00026f80 (12 bytes)
1674048795.298560 sending message 112 to peer 0xa00026f80 (12 bytes)
1674048795.298571 sending message 112 to peer 0xa00026f80 (12 bytes)
1674048795.298582 sending message 112 to peer 0xa00026f80 (12 bytes)
1674048795.298594 sending message 112 to peer 0xa00026f80 (13 bytes)
1674048795.298605 sending message 112 to peer 0xa00026f80 (8 bytes)
1674048795.298616 sending message 112 to peer 0xa00026f80 (13 bytes)
1674048795.298628 sending message 112 to peer 0xa00026f80 (13 bytes)
1674048795.298639 sending message 112 to peer 0xa00026f80 (13 bytes)
1674048795.298650 sending message 112 to peer 0xa00026f80 (13 bytes)
1674048795.298661 sending message 112 to peer 0xa00026f80 (13 bytes)
1674048795.298673 sending message 112 to peer 0xa00026f80 (13 bytes)
1674048795.298684 sending message 112 to peer 0xa00026f80 (13 bytes)
1674048795.298695 sending message 112 to peer 0xa00026f80 (12 bytes)
1674048795.298707 sending message 112 to peer 0xa00026f80 (12 bytes)
1674048795.298718 sending message 112 to peer 0xa00026f80 (12 bytes)
1674048795.298730 sending message 112 to peer 0xa00026f80 (8 bytes)
1674048795.298741 sending message 112 to peer 0xa00026f80 (12 bytes)
1674048795.298753 sending message 112 to peer 0xa00026f80 (13 bytes)
1674048795.298764 sending message 112 to peer 0xa00026f80 (13 bytes)
1674048795.298776 sending message 112 to peer 0xa00026f80 (13 bytes)
1674048795.298787 sending message 112 to peer 0xa00026f80 (13 bytes)
1674048795.298799 sending message 112 to peer 0xa00026f80 (13 bytes)
1674048795.298810 sending message 112 to peer 0xa00026f80 (13 bytes)
1674048795.298844 sending message 112 to peer 0xa00026f80 (13 bytes)
1674048795.298859 sending message 112 to peer 0xa00026f80 (13 bytes)
1674048795.298871 sending message 112 to peer 0xa00026f80 (12 bytes)
1674048795.298882 sending message 112 to peer 0xa00026f80 (10 bytes)
1674048795.298894 sending message 112 to peer 0xa00026f80 (12 bytes)
1674048795.298905 sending message 112 to peer 0xa00026f80 (12 bytes)
1674048795.298916 sending message 112 to peer 0xa00026f80 (12 bytes)
1674048795.298928 sending message 112 to peer 0xa00026f80 (13 bytes)
1674048795.298940 sending message 112 to peer 0xa00026f80 (13 bytes)
1674048795.298951 sending message 112 to peer 0xa00026f80 (13 bytes)
1674048795.298962 sending message 112 to peer 0xa00026f80 (13 bytes)
1674048795.298974 sending message 112 to peer 0xa00026f80 (13 bytes)
1674048795.298985 sending message 112 to peer 0xa00026f80 (13 bytes)
1674048795.298996 sending message 112 to peer 0xa00026f80 (13 bytes)
1674048795.299008 sending message 112 to peer 0xa00026f80 (10 bytes)
1674048795.299019 sending message 112 to peer 0xa00026f80 (13 bytes)
1674048795.299031 sending message 112 to peer 0xa00026f80 (12 bytes)
1674048795.299042 sending message 112 to peer 0xa00026f80 (12 bytes)
1674048795.299053 sending message 112 to peer 0xa00026f80 (12 bytes)
1674048795.299064 sending message 112 to peer 0xa00026f80 (10 bytes)
1674048795.299075 sending message 112 to peer 0xa00026f80 (10 bytes)
1674048795.299087 sending message 112 to peer 0xa00026f80 (10 bytes)
1674048795.299098 sending message 112 to peer 0xa00026f80 (12 bytes)
1674048795.299109 sending message 112 to peer 0xa00026f80 (13 bytes)
1674048795.299120 sending message 112 to peer 0xa00026f80 (13 bytes)
1674048795.299131 sending message 112 to peer 0xa00026f80 (13 bytes)
1674048795.299143 sending message 112 to peer 0xa00026f80 (13 bytes)
1674048795.299154 sending message 112 to peer 0xa00026f80 (13 bytes)
1674048795.299165 sending message 112 to peer 0xa00026f80 (10 bytes)
1674048795.299176 sending message 112 to peer 0xa00026f80 (11 bytes)
1674048795.299187 sending message 112 to peer 0xa00026f80 (12 bytes)
1674048795.299198 sending message 112 to peer 0xa00026f80 (12 bytes)
1674048795.299209 sending message 112 to peer 0xa00026f80 (12 bytes)
1674048795.299220 sending message 112 to peer 0xa00026f80 (12 bytes)
1674048795.299231 sending message 112 to peer 0xa00026f80 (12 bytes)
1674048795.299242 sending message 112 to peer 0xa00026f80 (11 bytes)
1674048795.299253 sending message 112 to peer 0xa00026f80 (12 bytes)
1674048795.299264 sending message 112 to peer 0xa00026f80 (12 bytes)
1674048795.299275 sending message 112 to peer 0xa00026f80 (13 bytes)
1674048795.299285 sending message 112 to peer 0xa00026f80 (13 bytes)
1674048795.299296 sending message 112 to peer 0xa00026f80 (13 bytes)
1674048795.299307 sending message 112 to peer 0xa00026f80 (13 bytes)
1674048795.299318 sending message 112 to peer 0xa00026f80 (13 bytes)
1674048795.299328 sending message 112 to peer 0xa00026f80 (10 bytes)
1674048795.299339 sending message 112 to peer 0xa00026f80 (9 bytes)
1674048795.299350 sending message 112 to peer 0xa00026f80 (12 bytes)
1674048795.299361 sending message 112 to peer 0xa00026f80 (13 bytes)
1674048795.299372 sending message 112 to peer 0xa00026f80 (13 bytes)
1674048795.299383 sending message 112 to peer 0xa00026f80 (13 bytes)
1674048795.299393 sending message 112 to peer 0xa00026f80 (13 bytes)
1674048795.299404 sending message 112 to peer 0xa00026f80 (13 bytes)
1674048795.299415 sending message 112 to peer 0xa00026f80 (9 bytes)
1674048795.299426 sending message 112 to peer 0xa00026f80 (12 bytes)
1674048795.299437 sending message 112 to peer 0xa00026f80 (13 bytes)
1674048795.299448 sending message 112 to peer 0xa00026f80 (13 bytes)
1674048795.299459 sending message 112 to peer 0xa00026f80 (13 bytes)
1674048795.299469 sending message 112 to peer 0xa00026f80 (13 bytes)
1674048795.299480 sending message 112 to peer 0xa00026f80 (13 bytes)
1674048795.299491 sending message 112 to peer 0xa00026f80 (11 bytes)
1674048795.299503 sending message 112 to peer 0xa00026f80 (12 bytes)
1674048795.299515 sending message 112 to peer 0xa00026f80 (13 bytes)
1674048795.299527 sending message 112 to peer 0xa00026f80 (13 bytes)
1674048795.299537 sending message 112 to peer 0xa00026f80 (13 bytes)
1674048795.299548 sending message 112 to peer 0xa00026f80 (13 bytes)
1674048795.299559 sending message 112 to peer 0xa00026f80 (13 bytes)
1674048795.299570 sending message 112 to peer 0xa00026f80 (11 bytes)
1674048795.299581 sending message 112 to peer 0xa00026f80 (12 bytes)
1674048795.299592 sending message 112 to peer 0xa00026f80 (12 bytes)
1674048795.299602 sending message 112 to peer 0xa00026f80 (12 bytes)
1674048795.299613 sending message 112 to peer 0xa00026f80 (12 bytes)
1674048795.299624 sending message 112 to peer 0xa00026f80 (12 bytes)
1674048795.299635 sending message 112 to peer 0xa00026f80 (21 bytes)
1674048795.299646 sending message 112 to peer 0xa00026f80 (12 bytes)
1674048795.299656 sending message 112 to peer 0xa00026f80 (9 bytes)
1674048795.299667 sending message 112 to peer 0xa00026f80 (6 bytes)
1674048795.299678 sending message 112 to peer 0xa00026f80 (13 bytes)
1674048795.299689 sending message 112 to peer 0xa00026f80 (10 bytes)
1674048795.299700 sending message 112 to peer 0xa00026f80 (24 bytes)
1674048795.299711 sending message 112 to peer 0xa00026f80 (13 bytes)
1674048795.299722 sending message 112 to peer 0xa00026f80 (9 bytes)
1674048795.299732 sending message 112 to peer 0xa00026f80 (16 bytes)
1674048795.299743 sending message 112 to peer 0xa00026f80 (16 bytes)
1674048795.299754 sending message 112 to peer 0xa00026f80 (12 bytes)
1674048795.299765 sending message 112 to peer 0xa00026f80 (10 bytes)
1674048795.299776 sending message 112 to peer 0xa00026f80 (10 bytes)
1674048795.299787 sending message 112 to peer 0xa00026f80 (24 bytes)
1674048795.299798 sending message 112 to peer 0xa00026f80 (13 bytes)
1674048795.299808 sending message 112 to peer 0xa00026f80 (10 bytes)
1674048795.299819 sending message 112 to peer 0xa00026f80 (10 bytes)
1674048795.299830 sending message 112 to peer 0xa00026f80 (10 bytes)
1674048795.299841 sending message 112 to peer 0xa00026f80 (13 bytes)
1674048795.299852 sending message 112 to peer 0xa00026f80 (25 bytes)
1674048795.299863 sending message 112 to peer 0xa00026f80 (15 bytes)
1674048795.299874 sending message 112 to peer 0xa00026f80 (5 bytes)
1674048795.299893 sending message 104 to peer 0xa00026f80 (0 bytes)
1674048795.299906 sending message 110 to peer 0xa00026f80 (0 bytes)
1674048795.299917 sending message 107 to peer 0xa00026f80 (4 bytes)
1674048795.299928 sending message 105 to peer 0xa00026f80 (20 bytes)
1674048795.299939 sending message 105 to peer 0xa00026f80 (14 bytes)
1674048795.299950 sending message 105 to peer 0xa00026f80 (49 bytes)
1674048795.299961 sending message 105 to peer 0xa00026f80 (18 bytes)
1674048795.299972 sending message 105 to peer 0xa00026f80 (107 bytes)
1674048795.299983 sending message 105 to peer 0xa00026f80 (49 bytes)
1674048795.299994 sending message 105 to peer 0xa00026f80 (60 bytes)
1674048795.300005 sending message 105 to peer 0xa00026f80 (15 bytes)
1674048795.300016 sending message 105 to peer 0xa00026f80 (51 bytes)
1674048795.300027 sending message 105 to peer 0xa00026f80 (23 bytes)
1674048795.300037 sending message 105 to peer 0xa00026f80 (23 bytes)
1674048795.300048 sending message 105 to peer 0xa00026f80 (37 bytes)
1674048795.300059 sending message 105 to peer 0xa00026f80 (24 bytes)
1674048795.300070 sending message 105 to peer 0xa00026f80 (24 bytes)
1674048795.300081 sending message 105 to peer 0xa00026f80 (29 bytes)
1674048795.300091 sending message 105 to peer 0xa00026f80 (51 bytes)
1674048795.300102 sending message 105 to peer 0xa00026f80 (27 bytes)
1674048795.300113 sending message 105 to peer 0xa00026f80 (49 bytes)
1674048795.300124 sending message 105 to peer 0xa00026f80 (20 bytes)
1674048795.300135 sending message 105 to peer 0xa00026f80 (8 bytes)
1674048795.300146 sending message 105 to peer 0xa00026f80 (15 bytes)
1674048795.300190 sending message 105 to peer 0xa00026f80 (36 bytes)
1674048795.300205 sending message 105 to peer 0xa00026f80 (71 bytes)
1674048795.300216 sending message 105 to peer 0xa00026f80 (22 bytes)
1674048795.300227 sending message 105 to peer 0xa00026f80 (34 bytes)
1674048795.300238 sending message 105 to peer 0xa00026f80 (35 bytes)
1674048795.300249 sending message 105 to peer 0xa00026f80 (74 bytes)
1674048795.300260 sending message 105 to peer 0xa00026f80 (74 bytes)
1674048795.300271 sending message 105 to peer 0xa00026f80 (44 bytes)
1674048795.300281 sending message 105 to peer 0xa00026f80 (26 bytes)
1674048795.300292 sending message 105 to peer 0xa00026f80 (9 bytes)
1674048795.300303 sending message 105 to peer 0xa00026f80 (21 bytes)
1674048795.300314 sending message 105 to peer 0xa00026f80 (20 bytes)
1674048795.300325 sending message 105 to peer 0xa00026f80 (27 bytes)
1674048795.300336 sending message 105 to peer 0xa00026f80 (42 bytes)
1674048795.300347 sending message 105 to peer 0xa00026f80 (20 bytes)
1674048795.300358 sending message 105 to peer 0xa00026f80 (24 bytes)
1674048795.300368 sending message 105 to peer 0xa00026f80 (40 bytes)
1674048795.300379 sending message 105 to peer 0xa00026f80 (17 bytes)
1674048795.300390 sending message 105 to peer 0xa00026f80 (28 bytes)
1674048795.300401 sending message 105 to peer 0xa00026f80 (23 bytes)
1674048795.300411 sending message 105 to peer 0xa00026f80 (30 bytes)
1674048795.300422 sending message 105 to peer 0xa00026f80 (36 bytes)
1674048795.300433 sending message 105 to peer 0xa00026f80 (48 bytes)
1674048795.300444 sending message 105 to peer 0xa00026f80 (16 bytes)
1674048795.300455 sending message 105 to peer 0xa00026f80 (11 bytes)
1674048795.300465 sending message 105 to peer 0xa00026f80 (14 bytes)
1674048795.300476 sending message 105 to peer 0xa00026f80 (18 bytes)
1674048795.300487 sending message 105 to peer 0xa00026f80 (27 bytes)
1674048795.300497 sending message 105 to peer 0xa00026f80 (8 bytes)
1674048795.300508 sending message 105 to peer 0xa00026f80 (148 bytes)
1674048795.300519 sending message 105 to peer 0xa00026f80 (45 bytes)
1674048795.300530 sending message 105 to peer 0xa00026f80 (30 bytes)
1674048795.300541 sending message 105 to peer 0xa00026f80 (31 bytes)
1674048795.300551 sending message 105 to peer 0xa00026f80 (10 bytes)
1674048795.300562 sending message 105 to peer 0xa00026f80 (50 bytes)
1674048795.300573 sending message 105 to peer 0xa00026f80 (20 bytes)
1674048795.300583 sending message 105 to peer 0xa00026f80 (41 bytes)
1674048795.300594 sending message 105 to peer 0xa00026f80 (841 bytes)
1674048795.300606 sending message 105 to peer 0xa00026f80 (62 bytes)
1674048795.300616 sending message 105 to peer 0xa00026f80 (13 bytes)
1674048795.300627 sending message 105 to peer 0xa00026f80 (51 bytes)
1674048795.300638 sending message 105 to peer 0xa00026f80 (31 bytes)
1674048795.300649 sending message 105 to peer 0xa00026f80 (826 bytes)
1674048795.300660 sending message 105 to peer 0xa00026f80 (17 bytes)
1674048795.300670 sending message 105 to peer 0xa00026f80 (58 bytes)
1674048795.300681 sending message 105 to peer 0xa00026f80 (20 bytes)
1674048795.300692 sending message 106 to peer 0xa00026f80 (0 bytes)
1674048795.300717 sending message 200 to peer 0xa00026f80 (4 bytes)
1674048795.300731 client loop enter
1674048795.681406 peer 0xa00026f80 message 207
1674048795.681465 sending message 208 to peer 0xa00026f80 (0 bytes)
1674048803.197945 peer 0xa00026f80 message 203
1674048803.197989 sending message 205 to peer 0xa00026f80 (0 bytes)
1674048803.200806 peer 0xa00026f80 message 204
1674048803.200849 client loop exit
